<?xml version="1.0" encoding="UTF-8"?>
<!-- Generated by org.testng.reporters.JUnitReportReporter -->
<testsuite hostname="LAPTOP-2C0613A2" name="testCases.DryRunTest" tests="1" failures="0" timestamp="2 Mar 2024 14:49:39 GMT" time="13.933" errors="0">
  <testcase name="dryRunTest" time="13.933" classname="testCases.DryRunTest"/>
</testsuite> <!-- testCases.DryRunTest -->
